This file contains any messages produced by compilers while
running configure, to aid debugging if configure makes a mistake.

It was created by parallel configure 20150222, which was
generated by GNU Autoconf 2.69.  Invocation command line was

  $ ./configure --prefix=/scicomp/home/vfn4/Tools/IRMA_RES/scripts

## --------- ##
## Platform. ##
## --------- ##

hostname = login.aspen.biotech.cdc.gov
uname -m = x86_64
uname -r = 2.6.32-358.el6.x86_64
uname -s = Linux
uname -v = #1 SMP Fri Feb 22 00:31:26 UTC 2013

/usr/bin/uname -p = unknown
/bin/uname -X     = unknown

/bin/arch              = x86_64
/usr/bin/arch -k       = unknown
/usr/convex/getsysinfo = unknown
/usr/bin/hostinfo      = unknown
/bin/machine           = unknown
/usr/bin/oslevel       = unknown
/bin/universe          = unknown

PATH: /usr/lib64/qt-3.3/bin
PATH: /usr/local/sge/bin/lx-amd64
PATH: /usr/local/bin
PATH: /bin
PATH: /usr/bin
PATH: /usr/local/sbin
PATH: /usr/sbin
PATH: /sbin
PATH: /scicomp/home/vfn4/Tools
PATH: /scicomp/home/vfn4/Tools/IRMA_RES/scripts
PATH: .


## ----------- ##
## Core tests. ##
## ----------- ##

configure:1758: checking for a BSD-compatible install
configure:1826: result: /usr/bin/install -c
configure:1837: checking whether build environment is sane
configure:1892: result: yes
configure:2043: checking for a thread-safe mkdir -p
configure:2082: result: /bin/mkdir -p
configure:2089: checking for gawk
configure:2105: found /bin/gawk
configure:2116: result: gawk
configure:2127: checking whether make sets $(MAKE)
configure:2149: result: yes
configure:2178: checking whether make supports nested variables
configure:2195: result: yes
configure:2340: checking whether ln -s works
configure:2344: result: yes
configure:2460: checking that generated files are newer than configure
configure:2466: result: done
configure:2478: creating ./config.status

## ---------------------- ##
## Running config.status. ##
## ---------------------- ##

This file was extended by parallel config.status 20150222, which was
generated by GNU Autoconf 2.69.  Invocation command line was

  CONFIG_FILES    = 
  CONFIG_HEADERS  = 
  CONFIG_LINKS    = 
  CONFIG_COMMANDS = 
  $ ./config.status 

on login.aspen.biotech.cdc.gov

config.status:813: creating Makefile
config.status:813: creating src/Makefile
config.status:813: creating config.h
config.status:994: config.h is unchanged

## ---------------- ##
## Cache variables. ##
## ---------------- ##

ac_cv_env_build_alias_set=
ac_cv_env_build_alias_value=
ac_cv_env_host_alias_set=
ac_cv_env_host_alias_value=
ac_cv_env_target_alias_set=
ac_cv_env_target_alias_value=
ac_cv_path_install='/usr/bin/install -c'
ac_cv_path_mkdir=/bin/mkdir
ac_cv_prog_AWK=gawk
ac_cv_prog_make_make_set=yes
am_cv_make_support_nested_variables=yes

## ----------------- ##
## Output variables. ##
## ----------------- ##

ACLOCAL='${SHELL} /scicomp/home/vfn4/Tools/IRMA_RES/scripts/src-parallel-20150222/missing aclocal-1.14'
AMTAR='$${TAR-tar}'
AM_BACKSLASH='\'
AM_DEFAULT_V='$(AM_DEFAULT_VERBOSITY)'
AM_DEFAULT_VERBOSITY='1'
AM_V='$(V)'
AUTOCONF='${SHELL} /scicomp/home/vfn4/Tools/IRMA_RES/scripts/src-parallel-20150222/missing autoconf'
AUTOHEADER='${SHELL} /scicomp/home/vfn4/Tools/IRMA_RES/scripts/src-parallel-20150222/missing autoheader'
AUTOMAKE='${SHELL} /scicomp/home/vfn4/Tools/IRMA_RES/scripts/src-parallel-20150222/missing automake-1.14'
AWK='gawk'
CYGPATH_W='echo'
DEFS='-DHAVE_CONFIG_H'
DOCUMENTATION_FALSE='#'
DOCUMENTATION_TRUE=''
ECHO_C=''
ECHO_N='-n'
ECHO_T=''
INSTALL_DATA='${INSTALL} -m 644'
INSTALL_PROGRAM='${INSTALL}'
INSTALL_SCRIPT='${INSTALL}'
INSTALL_STRIP_PROGRAM='$(install_sh) -c -s'
LIBOBJS=''
LIBS=''
LN_S='ln -s'
LTLIBOBJS=''
MAKEINFO='${SHELL} /scicomp/home/vfn4/Tools/IRMA_RES/scripts/src-parallel-20150222/missing makeinfo'
MKDIR_P='/bin/mkdir -p'
PACKAGE='parallel'
PACKAGE_BUGREPORT='bug-parallel@gnu.org'
PACKAGE_NAME='parallel'
PACKAGE_STRING='parallel 20150222'
PACKAGE_TARNAME='parallel'
PACKAGE_URL=''
PACKAGE_VERSION='20150222'
PATH_SEPARATOR=':'
SET_MAKE=''
SHELL='/bin/sh'
STRIP=''
VERSION='20150222'
am__isrc=''
am__leading_dot='.'
am__tar='$${TAR-tar} chof - "$$tardir"'
am__untar='$${TAR-tar} xf -'
bindir='${exec_prefix}/bin'
build_alias=''
datadir='${datarootdir}'
datarootdir='${prefix}/share'
docdir='${datarootdir}/doc/${PACKAGE_TARNAME}'
dvidir='${docdir}'
exec_prefix='${prefix}'
host_alias=''
htmldir='${docdir}'
includedir='${prefix}/include'
infodir='${datarootdir}/info'
install_sh='${SHELL} /scicomp/home/vfn4/Tools/IRMA_RES/scripts/src-parallel-20150222/install-sh'
libdir='${exec_prefix}/lib'
libexecdir='${exec_prefix}/libexec'
localedir='${datarootdir}/locale'
localstatedir='${prefix}/var'
mandir='${datarootdir}/man'
mkdir_p='$(MKDIR_P)'
oldincludedir='/usr/include'
pdfdir='${docdir}'
prefix='/scicomp/home/vfn4/Tools/IRMA_RES/scripts'
program_transform_name='s,x,x,'
psdir='${docdir}'
sbindir='${exec_prefix}/sbin'
sharedstatedir='${prefix}/com'
sysconfdir='${prefix}/etc'
target_alias=''

## ----------- ##
## confdefs.h. ##
## ----------- ##

/* confdefs.h */
#define PACKAGE_NAME "parallel"
#define PACKAGE_TARNAME "parallel"
#define PACKAGE_VERSION "20150222"
#define PACKAGE_STRING "parallel 20150222"
#define PACKAGE_BUGREPORT "bug-parallel@gnu.org"
#define PACKAGE_URL ""
#define PACKAGE "parallel"
#define VERSION "20150222"

configure: exit 0
